2024-11-08 16:30:15.8859 WARN configuration directory and file don't exist! Writing to C:\Users\gamer\Documents\GitHub\MCSharpGameServer\LegacyServer\bin\Debug\net6.0\configuration 
2024-11-08 16:30:16.9822 INFO Port: 3000 
2024-11-08 16:30:16.9927 INFO Server started on 127.0.0.1:3000 
2024-11-08 16:30:16.9927 INFO GameLix Server Engine initalized 
2024-11-08 16:30:17.0379 INFO Solid Object Created at 518 , 607 
2024-11-08 16:30:17.0379 INFO Solid Object Created at 241 , 776 
2024-11-08 16:30:17.0379 INFO Solid Object Created at 8 , 465 
2024-11-08 16:30:17.0379 INFO Solid Object Created at 10 , 270 
2024-11-08 16:30:17.0379 INFO Solid Object Created at 240 , 284 
2024-11-08 16:30:17.0379 INFO Solid Object Created at 647 , 698 
2024-11-08 16:30:17.0379 INFO Solid Object Created at 677 , 467 
2024-11-08 16:30:17.0379 INFO Solid Object Created at 502 , 59 
2024-11-08 16:30:17.0379 INFO Solid Object Created at 718 , 467 
2024-11-08 16:30:17.0379 INFO Solid Object Created at 647 , 213 
2024-11-08 16:30:17.0379 INFO Solid Object Created at 745 , 304 
2024-11-08 16:30:17.0379 INFO Solid Object Created at 10 , 676 
2024-11-08 16:30:17.0379 INFO Solid Object Created at 509 , 836 
2024-11-08 16:30:17.0379 INFO Solid Object Created at 375 , 227 
2024-11-08 16:30:17.0379 INFO Solid Object Created at 179 , 66 
2024-11-08 16:31:03.4982 INFO Port: 3000 
2024-11-08 16:31:03.5280 INFO Server started on 127.0.0.1:3000 
2024-11-08 16:31:03.5280 INFO GameLix Server Engine initalized 
2024-11-08 16:31:03.5467 INFO Solid Object Created at 316 , 22 
2024-11-08 16:31:03.5467 INFO Solid Object Created at 442 , 911 
2024-11-08 16:31:03.5467 INFO Solid Object Created at 488 , 490 
2024-11-08 16:31:03.5467 INFO Solid Object Created at 192 , 149 
2024-11-08 16:31:03.5467 INFO Solid Object Created at 49 , 268 
2024-11-08 16:31:03.5467 INFO Solid Object Created at 816 , 717 
2024-11-08 16:31:03.5467 INFO Solid Object Created at 974 , 960 
2024-11-08 16:31:03.5467 INFO Solid Object Created at 111 , 126 
2024-11-08 16:31:03.5467 INFO Solid Object Created at 393 , 68 
2024-11-08 16:31:03.5467 INFO Solid Object Created at 584 , 270 
2024-11-08 16:31:03.5467 INFO Solid Object Created at 293 , 980 
2024-11-08 16:31:03.5467 INFO Solid Object Created at 410 , 786 
2024-11-08 16:31:03.5467 INFO Solid Object Created at 666 , 462 
2024-11-08 16:31:03.5467 INFO Solid Object Created at 591 , 60 
2024-11-08 16:31:03.5467 INFO Solid Object Created at 243 , 423 
2024-11-08 16:31:51.5913 ERROR Failed to parse packet type from string: Ping! 
2024-11-08 16:45:58.5932 ERROR Failed to parse packet type from string: Ping! 
2024-11-08 16:50:10.6232 INFO client connected 
2024-11-08 16:50:10.6232 INFO Current players: 1 
2024-11-08 16:50:43.0261 INFO Port: 3000 
2024-11-08 16:50:43.0547 INFO Server started on 127.0.0.1:3000 
2024-11-08 16:50:43.0547 INFO GameLix Server Engine initalized 
2024-11-08 16:50:43.0744 INFO Solid Object Created at 911 , 666 
2024-11-08 16:50:43.0744 INFO Solid Object Created at 794 , 790 
2024-11-08 16:50:43.0744 INFO Solid Object Created at 837 , 997 
2024-11-08 16:50:43.0744 INFO Solid Object Created at 673 , 1010 
2024-11-08 16:50:43.0744 INFO Solid Object Created at 322 , 420 
2024-11-08 16:50:43.0744 INFO Solid Object Created at 379 , 430 
2024-11-08 16:50:43.0744 INFO Solid Object Created at 59 , 48 
2024-11-08 16:50:43.0744 INFO Solid Object Created at 426 , 21 
2024-11-08 16:50:43.0744 INFO Solid Object Created at 270 , 200 
2024-11-08 16:50:43.0744 INFO Solid Object Created at 235 , 675 
2024-11-08 16:50:43.0744 INFO Solid Object Created at 331 , 924 
2024-11-08 16:50:43.0744 INFO Solid Object Created at 718 , 511 
2024-11-08 16:50:43.0744 INFO Solid Object Created at 64 , 740 
2024-11-08 16:50:43.0744 INFO Solid Object Created at 912 , 942 
2024-11-08 16:50:43.0744 INFO Solid Object Created at 348 , 214 
2024-11-08 16:50:48.1756 INFO [+] 127.0.0.1:55069: C01PacketPlayerConnected:Ping! 
2024-11-08 16:50:48.1824 INFO client connected 
2024-11-08 16:50:48.1824 INFO Current players: 1 
2024-11-08 17:10:24.2049 INFO Port: 3000 
2024-11-08 17:10:24.2753 INFO Server started on 127.0.0.1:3000 
2024-11-08 17:10:24.2753 INFO GameLix Server Engine initalized 
2024-11-08 17:10:24.3082 INFO Solid Object Created at 668 , 202 
2024-11-08 17:10:24.3082 INFO Solid Object Created at 166 , 53 
2024-11-08 17:10:24.3082 INFO Solid Object Created at 304 , 398 
2024-11-08 17:10:24.3082 INFO Solid Object Created at 695 , 777 
2024-11-08 17:10:24.3082 INFO Solid Object Created at 980 , 577 
2024-11-08 17:10:24.3191 INFO Solid Object Created at 834 , 998 
2024-11-08 17:10:24.3191 INFO Solid Object Created at 676 , 804 
2024-11-08 17:10:24.3191 INFO Solid Object Created at 380 , 108 
2024-11-08 17:10:24.3191 INFO Solid Object Created at 136 , 927 
2024-11-08 17:10:24.3191 INFO Solid Object Created at 91 , 312 
2024-11-08 17:10:24.3191 INFO Solid Object Created at 551 , 941 
2024-11-08 17:10:24.3191 INFO Solid Object Created at 0 , 524 
2024-11-08 17:10:24.3191 INFO Solid Object Created at 156 , 680 
2024-11-08 17:10:24.3191 INFO Solid Object Created at 996 , 795 
2024-11-08 17:10:24.3191 INFO Solid Object Created at 176 , 808 
2024-11-08 17:10:26.0628 INFO [+] 127.0.0.1:49909: C01PacketPlayerConnected:Ping! 
2024-11-08 17:10:26.0695 INFO client connected 
2024-11-08 17:10:26.0695 INFO Current players: 1 
2024-11-08 17:13:35.4681 INFO Port: 3000 
2024-11-08 17:13:50.6963 INFO Port: 3000 
2024-11-08 17:13:50.7210 INFO Server started on 127.0.0.1:3000 
2024-11-08 17:13:50.7210 INFO GameLix Server Engine initalized 
2024-11-08 17:13:50.7393 INFO Solid Object Created at 511 , 803 
2024-11-08 17:13:50.7393 INFO Solid Object Created at 545 , 917 
2024-11-08 17:13:50.7393 INFO Solid Object Created at 596 , 17 
2024-11-08 17:13:50.7393 INFO Solid Object Created at 508 , 620 
2024-11-08 17:13:50.7393 INFO Solid Object Created at 521 , 352 
2024-11-08 17:13:50.7393 INFO Solid Object Created at 366 , 661 
2024-11-08 17:13:50.7393 INFO Solid Object Created at 337 , 546 
2024-11-08 17:13:50.7393 INFO Solid Object Created at 440 , 467 
2024-11-08 17:13:50.7393 INFO Solid Object Created at 44 , 577 
2024-11-08 17:13:50.7393 INFO Solid Object Created at 703 , 220 
2024-11-08 17:13:50.7393 INFO Solid Object Created at 217 , 451 
2024-11-08 17:13:50.7393 INFO Solid Object Created at 643 , 985 
2024-11-08 17:13:50.7393 INFO Solid Object Created at 982 , 440 
2024-11-08 17:13:50.7393 INFO Solid Object Created at 203 , 331 
2024-11-08 17:13:50.7393 INFO Solid Object Created at 678 , 902 
2024-11-08 17:16:19.3542 INFO [+] 127.0.0.1:61111: C01PacketPlayerConnected:Ping! 
2024-11-08 17:16:19.3542 INFO client connected 
2024-11-08 17:16:19.3655 INFO Current players: 1 
2024-11-08 17:23:18.4866 INFO Port: 3000 
2024-11-08 17:23:18.5195 INFO Server started on 127.0.0.1:3000 
2024-11-08 17:23:18.5195 INFO GameLix Server Engine initalized 
2024-11-08 17:23:18.5425 INFO Solid Object Created at 764 , 240 
2024-11-08 17:23:18.5425 INFO Solid Object Created at 416 , 92 
2024-11-08 17:23:18.5425 INFO Solid Object Created at 319 , 701 
2024-11-08 17:23:18.5425 INFO Solid Object Created at 727 , 218 
2024-11-08 17:23:18.5425 INFO Solid Object Created at 121 , 100 
2024-11-08 17:23:18.5425 INFO Solid Object Created at 116 , 689 
2024-11-08 17:23:18.5425 INFO Solid Object Created at 502 , 573 
2024-11-08 17:23:18.5425 INFO Solid Object Created at 335 , 546 
2024-11-08 17:23:18.5425 INFO Solid Object Created at 675 , 306 
2024-11-08 17:23:18.5425 INFO Solid Object Created at 231 , 760 
2024-11-08 17:23:18.5425 INFO Solid Object Created at 97 , 958 
2024-11-08 17:23:18.5425 INFO Solid Object Created at 821 , 641 
2024-11-08 17:23:18.5425 INFO Solid Object Created at 821 , 52 
2024-11-08 17:23:18.5425 INFO Solid Object Created at 688 , 511 
2024-11-08 17:23:18.5425 INFO Solid Object Created at 976 , 67 
2024-11-08 17:23:23.4374 INFO [+] 127.0.0.1:60434: C01PacketPlayerConnected:Ping! 
2024-11-08 17:23:23.4443 INFO client connected 
2024-11-08 17:23:23.4443 INFO Current players: 1 
2024-11-08 17:28:23.7478 INFO Port: 3000 
2024-11-08 17:28:23.7941 INFO Server started on 127.0.0.1:3000 
2024-11-08 17:28:23.7941 INFO GameLix Server Engine initalized 
2024-11-08 17:28:23.8874 INFO Solid Object Created at 200 , 368 
2024-11-08 17:28:23.8874 INFO Solid Object Created at 650 , 309 
2024-11-08 17:28:23.8874 INFO Solid Object Created at 27 , 168 
2024-11-08 17:28:23.8874 INFO Solid Object Created at 617 , 825 
2024-11-08 17:28:23.8874 INFO Solid Object Created at 125 , 855 
2024-11-08 17:28:23.8874 INFO Solid Object Created at 630 , 457 
2024-11-08 17:28:23.8874 INFO Solid Object Created at 780 , 633 
2024-11-08 17:28:23.8874 INFO Solid Object Created at 86 , 234 
2024-11-08 17:28:23.8874 INFO Solid Object Created at 265 , 597 
2024-11-08 17:28:23.8874 INFO Solid Object Created at 131 , 638 
2024-11-08 17:28:23.8874 INFO Solid Object Created at 1015 , 460 
2024-11-08 17:28:23.8874 INFO Solid Object Created at 671 , 117 
2024-11-08 17:28:23.8874 INFO Solid Object Created at 244 , 567 
2024-11-08 17:28:23.8874 INFO Solid Object Created at 732 , 195 
2024-11-08 17:28:23.8874 INFO Solid Object Created at 789 , 121 
2024-11-08 17:28:28.3309 INFO [+] 127.0.0.1:59102: C01PacketPlayerConnected:Ping! 
2024-11-08 17:28:28.3386 INFO client connected 
2024-11-08 17:28:28.3386 INFO Current players: 1 
2024-11-08 17:34:51.8520 INFO Port: 3000 
2024-11-08 17:34:51.8825 INFO Server started on 127.0.0.1:3000 
2024-11-08 17:34:51.8825 INFO GameLix Server Engine initalized 
2024-11-08 17:34:51.9048 INFO Solid Object Created at 289 , 1013 
2024-11-08 17:34:51.9048 INFO Solid Object Created at 532 , 474 
2024-11-08 17:34:51.9048 INFO Solid Object Created at 141 , 732 
2024-11-08 17:34:51.9048 INFO Solid Object Created at 797 , 411 
2024-11-08 17:34:51.9048 INFO Solid Object Created at 807 , 837 
2024-11-08 17:34:51.9048 INFO Solid Object Created at 259 , 78 
2024-11-08 17:34:51.9048 INFO Solid Object Created at 304 , 115 
2024-11-08 17:34:51.9048 INFO Solid Object Created at 529 , 396 
2024-11-08 17:34:51.9048 INFO Solid Object Created at 518 , 730 
2024-11-08 17:34:51.9048 INFO Solid Object Created at 271 , 507 
2024-11-08 17:34:51.9048 INFO Solid Object Created at 851 , 738 
2024-11-08 17:34:51.9048 INFO Solid Object Created at 804 , 285 
2024-11-08 17:34:51.9048 INFO Solid Object Created at 155 , 371 
2024-11-08 17:34:51.9048 INFO Solid Object Created at 471 , 386 
2024-11-08 17:34:51.9048 INFO Solid Object Created at 609 , 1006 
2024-11-08 17:34:55.3161 INFO [+] 127.0.0.1:61874: C01PacketPlayerConnected:Ping! 
2024-11-08 17:34:55.3368 INFO client connected 
2024-11-08 17:34:55.3368 INFO Current players: 1 
2024-11-08 17:40:37.0496 INFO Port: 3000 
2024-11-08 17:40:37.0904 INFO Server started on 127.0.0.1:3000 
2024-11-08 17:40:37.0904 INFO GameLix Server Engine initalized 
2024-11-08 17:40:37.1238 INFO Solid Object Created at 162 , 529 
2024-11-08 17:40:37.1238 INFO Solid Object Created at 637 , 40 
2024-11-08 17:40:37.1238 INFO Solid Object Created at 32 , 258 
2024-11-08 17:40:37.1238 INFO Solid Object Created at 513 , 812 
2024-11-08 17:40:37.1238 INFO Solid Object Created at 519 , 397 
2024-11-08 17:40:37.1238 INFO Solid Object Created at 967 , 307 
2024-11-08 17:40:37.1238 INFO Solid Object Created at 882 , 706 
2024-11-08 17:40:37.1238 INFO Solid Object Created at 910 , 888 
2024-11-08 17:40:37.1238 INFO Solid Object Created at 430 , 798 
2024-11-08 17:40:37.1238 INFO Solid Object Created at 219 , 485 
2024-11-08 17:40:37.1238 INFO Solid Object Created at 842 , 273 
2024-11-08 17:40:37.1238 INFO Solid Object Created at 976 , 57 
2024-11-08 17:40:37.1238 INFO Solid Object Created at 328 , 144 
2024-11-08 17:40:37.1238 INFO Solid Object Created at 998 , 942 
2024-11-08 17:40:37.1238 INFO Solid Object Created at 25 , 515 
2024-11-08 17:40:43.5860 INFO [+] 127.0.0.1:63381: C01PacketPlayerConnected:Ping! 
2024-11-08 17:40:43.6010 INFO client connected 
2024-11-08 17:40:43.6010 INFO Current players: 1 
2024-11-08 17:41:18.1610 INFO Port: 3000 
2024-11-08 17:41:18.1886 INFO Server started on 127.0.0.1:3000 
2024-11-08 17:41:18.1886 INFO GameLix Server Engine initalized 
2024-11-08 17:41:18.2076 INFO Solid Object Created at 822 , 600 
2024-11-08 17:41:18.2076 INFO Solid Object Created at 1015 , 773 
2024-11-08 17:41:18.2076 INFO Solid Object Created at 34 , 498 
2024-11-08 17:41:18.2076 INFO Solid Object Created at 665 , 1004 
2024-11-08 17:41:18.2076 INFO Solid Object Created at 81 , 293 
2024-11-08 17:41:18.2076 INFO Solid Object Created at 1011 , 646 
2024-11-08 17:41:18.2076 INFO Solid Object Created at 540 , 750 
2024-11-08 17:41:18.2076 INFO Solid Object Created at 86 , 614 
2024-11-08 17:41:18.2076 INFO Solid Object Created at 704 , 426 
2024-11-08 17:41:18.2076 INFO Solid Object Created at 338 , 864 
2024-11-08 17:41:18.2076 INFO Solid Object Created at 813 , 876 
2024-11-08 17:41:18.2076 INFO Solid Object Created at 959 , 121 
2024-11-08 17:41:18.2076 INFO Solid Object Created at 195 , 388 
2024-11-08 17:41:18.2076 INFO Solid Object Created at 324 , 115 
2024-11-08 17:41:18.2076 INFO Solid Object Created at 385 , 451 
2024-11-08 17:41:22.9776 INFO [+] 127.0.0.1:51584: C01PacketPlayerConnected:Ping! 
2024-11-08 17:41:22.9776 INFO client connected 
2024-11-08 17:41:22.9776 INFO Current players: 1 
2024-11-08 17:42:11.8290 INFO [+] 127.0.0.1:55499: C01PacketPlayerConnected:Ping! 
2024-11-08 17:42:11.8290 WARN same client tried to connect to server 
2024-11-08 17:42:11.8290 INFO client connected 
2024-11-08 17:42:11.8348 INFO Current players: 2 
2024-11-08 17:42:11.8556 ERROR Error in DataReceived: An existing connection was forcibly closed by the remote host. 
2024-11-08 17:42:30.7430 INFO Port: 3000 
2024-11-08 17:42:30.7714 INFO Server started on 127.0.0.1:3000 
2024-11-08 17:42:30.7714 INFO GameLix Server Engine initalized 
2024-11-08 17:42:30.7930 INFO Solid Object Created at 567 , 403 
2024-11-08 17:42:30.7930 INFO Solid Object Created at 313 , 304 
2024-11-08 17:42:30.7930 INFO Solid Object Created at 798 , 709 
2024-11-08 17:42:30.7930 INFO Solid Object Created at 216 , 34 
2024-11-08 17:42:30.7930 INFO Solid Object Created at 179 , 632 
2024-11-08 17:42:30.7930 INFO Solid Object Created at 189 , 883 
2024-11-08 17:42:30.7930 INFO Solid Object Created at 63 , 292 
2024-11-08 17:42:30.7930 INFO Solid Object Created at 154 , 796 
2024-11-08 17:42:30.7930 INFO Solid Object Created at 900 , 462 
2024-11-08 17:42:30.7930 INFO Solid Object Created at 585 , 813 
2024-11-08 17:42:30.7930 INFO Solid Object Created at 183 , 83 
2024-11-08 17:42:30.7930 INFO Solid Object Created at 686 , 549 
2024-11-08 17:42:30.7930 INFO Solid Object Created at 53 , 170 
2024-11-08 17:42:30.7930 INFO Solid Object Created at 476 , 298 
2024-11-08 17:42:30.7930 INFO Solid Object Created at 370 , 152 
2024-11-08 17:42:36.7255 INFO [+] 127.0.0.1:61949: C01PacketPlayerConnected:Ping! 
2024-11-08 17:42:36.7255 INFO client connected 
2024-11-08 17:42:36.7255 INFO Current players: 1 
2024-11-08 17:43:42.1228 INFO Port: 3000 
2024-11-08 17:43:42.1651 INFO Server started on 127.0.0.1:3000 
2024-11-08 17:43:42.1803 INFO GameLix Server Engine initalized 
2024-11-08 17:43:42.2150 INFO Solid Object Created at 708 , 39 
2024-11-08 17:43:42.2150 INFO Solid Object Created at 170 , 910 
2024-11-08 17:43:42.2314 INFO Solid Object Created at 532 , 710 
2024-11-08 17:43:42.2314 INFO Solid Object Created at 313 , 823 
2024-11-08 17:43:42.2314 INFO Solid Object Created at 9 , 54 
2024-11-08 17:43:42.2314 INFO Solid Object Created at 670 , 462 
2024-11-08 17:43:42.2314 INFO Solid Object Created at 289 , 99 
2024-11-08 17:43:42.2314 INFO Solid Object Created at 297 , 600 
2024-11-08 17:43:42.2314 INFO Solid Object Created at 107 , 448 
2024-11-08 17:43:42.2314 INFO Solid Object Created at 532 , 788 
2024-11-08 17:43:42.2314 INFO Solid Object Created at 180 , 795 
2024-11-08 17:43:42.2314 INFO Solid Object Created at 373 , 351 
2024-11-08 17:43:42.2314 INFO Solid Object Created at 109 , 963 
2024-11-08 17:43:42.2314 INFO Solid Object Created at 114 , 680 
2024-11-08 17:43:42.2314 INFO Solid Object Created at 596 , 256 
2024-11-08 17:43:43.7076 INFO [+] 127.0.0.1:54548: C01PacketPlayerConnected:Ping! 
2024-11-08 17:43:43.7168 INFO client connected 
2024-11-08 17:43:43.7168 INFO Current players: 1 
2024-11-08 17:54:59.0132 INFO Port: 3000 
2024-11-08 17:54:59.0545 INFO Server started on 127.0.0.1:3000 
2024-11-08 17:54:59.0545 INFO GameLix Server Engine initalized 
2024-11-08 17:54:59.0910 INFO Solid Object Created at 745 , 460 
2024-11-08 17:54:59.0910 INFO Solid Object Created at 162 , 322 
2024-11-08 17:54:59.0910 INFO Solid Object Created at 579 , 28 
2024-11-08 17:54:59.0910 INFO Solid Object Created at 665 , 261 
2024-11-08 17:54:59.0910 INFO Solid Object Created at 23 , 850 
2024-11-08 17:54:59.0910 INFO Solid Object Created at 574 , 868 
2024-11-08 17:54:59.0910 INFO Solid Object Created at 806 , 717 
2024-11-08 17:54:59.0910 INFO Solid Object Created at 398 , 226 
2024-11-08 17:54:59.0910 INFO Solid Object Created at 988 , 688 
2024-11-08 17:54:59.0910 INFO Solid Object Created at 649 , 368 
2024-11-08 17:54:59.0910 INFO Solid Object Created at 822 , 32 
2024-11-08 17:54:59.0910 INFO Solid Object Created at 176 , 941 
2024-11-08 17:54:59.0910 INFO Solid Object Created at 909 , 920 
2024-11-08 17:54:59.0910 INFO Solid Object Created at 753 , 652 
2024-11-08 17:54:59.0910 INFO Solid Object Created at 187 , 585 
2024-11-08 17:55:00.4534 INFO [+] 127.0.0.1:61787: C01PacketPlayerConnected:Ping! 
2024-11-08 17:55:00.4624 INFO client connected 
2024-11-08 17:55:00.4624 INFO Current players: 1 
2024-11-08 17:55:00.4624 INFO [+] 127.0.0.1:61787: C04PacketInstanceGet: 
2024-11-08 17:56:00.7934 INFO Port: 3000 
2024-11-08 17:56:00.8192 INFO Server started on 127.0.0.1:3000 
2024-11-08 17:56:00.8196 INFO GameLix Server Engine initalized 
2024-11-08 17:56:00.8404 INFO Solid Object Created at 552 , 396 
2024-11-08 17:56:00.8404 INFO Solid Object Created at 378 , 259 
2024-11-08 17:56:00.8404 INFO Solid Object Created at 476 , 2 
2024-11-08 17:56:00.8404 INFO Solid Object Created at 623 , 358 
2024-11-08 17:56:00.8404 INFO Solid Object Created at 65 , 918 
2024-11-08 17:56:00.8404 INFO Solid Object Created at 723 , 560 
2024-11-08 17:56:00.8404 INFO Solid Object Created at 681 , 660 
2024-11-08 17:56:00.8404 INFO Solid Object Created at 543 , 326 
2024-11-08 17:56:00.8404 INFO Solid Object Created at 13 , 14 
2024-11-08 17:56:00.8404 INFO Solid Object Created at 356 , 251 
2024-11-08 17:56:00.8404 INFO Solid Object Created at 69 , 947 
2024-11-08 17:56:00.8404 INFO Solid Object Created at 372 , 541 
2024-11-08 17:56:00.8404 INFO Solid Object Created at 695 , 948 
2024-11-08 17:56:00.8404 INFO Solid Object Created at 514 , 160 
2024-11-08 17:56:00.8404 INFO Solid Object Created at 978 , 740 
2024-11-08 17:56:03.2962 INFO [+] 127.0.0.1:63322: C01PacketPlayerConnected:Ping! 
2024-11-08 17:56:03.3056 INFO client connected 
2024-11-08 17:56:03.3056 INFO Current players: 1 
2024-11-08 17:56:03.3056 INFO [+] 127.0.0.1:63322: C04PacketInstanceGet: 
2024-11-08 18:30:38.4409 INFO Port: 3000 
2024-11-08 18:30:38.4759 INFO Server started on 127.0.0.1:3000 
2024-11-08 18:30:38.4759 INFO GameLix Server Engine initalized 
2024-11-08 18:30:38.5103 INFO Solid Object Created at 616 , 341 
2024-11-08 18:30:38.5103 INFO Solid Object Created at 162 , 777 
2024-11-08 18:30:38.5103 INFO Solid Object Created at 224 , 281 
2024-11-08 18:30:38.5103 INFO Solid Object Created at 332 , 862 
2024-11-08 18:30:38.5103 INFO Solid Object Created at 215 , 80 
2024-11-08 18:30:38.5103 INFO Solid Object Created at 481 , 514 
2024-11-08 18:30:38.5103 INFO Solid Object Created at 948 , 136 
2024-11-08 18:30:38.5103 INFO Solid Object Created at 220 , 335 
2024-11-08 18:30:38.5103 INFO Solid Object Created at 633 , 287 
2024-11-08 18:30:38.5103 INFO Solid Object Created at 595 , 854 
2024-11-08 18:30:38.5103 INFO Solid Object Created at 343 , 709 
2024-11-08 18:30:38.5103 INFO Solid Object Created at 880 , 313 
2024-11-08 18:30:38.5103 INFO Solid Object Created at 199 , 322 
2024-11-08 18:30:38.5103 INFO Solid Object Created at 913 , 750 
2024-11-08 18:30:38.5103 INFO Solid Object Created at 21 , 632 
2024-11-08 18:30:41.0560 INFO [+] 127.0.0.1:54969: C01PacketPlayerConnected:Ping! 
2024-11-08 18:30:41.0560 INFO client connected 
2024-11-08 18:30:41.0560 INFO Current players: 1 
2024-11-08 18:30:41.0684 INFO [+] 127.0.0.1:54969: C04PacketInstanceGet: 
2024-11-08 18:31:05.8918 INFO Port: 3000 
2024-11-08 18:31:05.9179 INFO Server started on 127.0.0.1:3000 
2024-11-08 18:31:05.9179 INFO GameLix Server Engine initalized 
2024-11-08 18:31:05.9360 INFO Solid Object Created at 57 , 401 
2024-11-08 18:31:05.9360 INFO Solid Object Created at 757 , 787 
2024-11-08 18:31:05.9360 INFO Solid Object Created at 87 , 388 
2024-11-08 18:31:05.9360 INFO Solid Object Created at 930 , 132 
2024-11-08 18:31:05.9360 INFO Solid Object Created at 940 , 984 
2024-11-08 18:31:05.9360 INFO Solid Object Created at 753 , 4 
2024-11-08 18:31:05.9360 INFO Solid Object Created at 403 , 410 
2024-11-08 18:31:05.9360 INFO Solid Object Created at 61 , 868 
2024-11-08 18:31:05.9360 INFO Solid Object Created at 910 , 686 
2024-11-08 18:31:05.9360 INFO Solid Object Created at 740 , 681 
2024-11-08 18:31:05.9360 INFO Solid Object Created at 827 , 666 
2024-11-08 18:31:05.9360 INFO Solid Object Created at 367 , 445 
2024-11-08 18:31:05.9360 INFO Solid Object Created at 515 , 760 
2024-11-08 18:31:05.9360 INFO Solid Object Created at 998 , 838 
2024-11-08 18:31:05.9360 INFO Solid Object Created at 395 , 546 
2024-11-08 18:32:32.9567 INFO [+] 127.0.0.1:56812: C01PacketPlayerConnected:Ping! 
2024-11-08 18:32:32.9649 INFO client connected 
2024-11-08 18:32:32.9649 INFO Current players: 1 
2024-11-08 18:32:32.9649 INFO [+] 127.0.0.1:56812: C04PacketInstanceGet: 
2024-11-08 18:36:33.0015 INFO Port: 3000 
2024-11-08 18:36:33.0314 INFO Server started on 127.0.0.1:3000 
2024-11-08 18:36:33.0314 INFO GameLix Server Engine initalized 
2024-11-08 18:36:33.0693 INFO Solid Object Created at 327 , 952 
2024-11-08 18:36:33.0693 INFO Solid Object Created at 601 , 1022 
2024-11-08 18:36:33.0693 INFO Solid Object Created at 722 , 939 
2024-11-08 18:36:33.0693 INFO Solid Object Created at 53 , 493 
2024-11-08 18:36:33.0693 INFO Solid Object Created at 866 , 282 
2024-11-08 18:36:33.0693 INFO Solid Object Created at 675 , 682 
2024-11-08 18:36:33.0693 INFO Solid Object Created at 709 , 55 
2024-11-08 18:36:33.0693 INFO Solid Object Created at 987 , 618 
2024-11-08 18:36:33.0693 INFO Solid Object Created at 425 , 564 
2024-11-08 18:36:33.0693 INFO Solid Object Created at 740 , 722 
2024-11-08 18:36:33.0693 INFO Solid Object Created at 981 , 382 
2024-11-08 18:36:33.0693 INFO Solid Object Created at 9 , 226 
2024-11-08 18:36:33.0693 INFO Solid Object Created at 570 , 59 
2024-11-08 18:36:33.0693 INFO Solid Object Created at 824 , 625 
2024-11-08 18:36:33.0693 INFO Solid Object Created at 610 , 227 
2024-11-08 18:36:33.9008 INFO [+] 127.0.0.1:51653: C01PacketPlayerConnected:Ping! 
2024-11-08 18:36:33.9008 INFO client connected 
2024-11-08 18:36:33.9008 INFO Current players: 1 
2024-11-08 18:36:33.9144 INFO [+] 127.0.0.1:51653: C04PacketInstanceGet: 
2024-11-08 18:39:40.5650 INFO Port: 3000 
2024-11-08 18:39:40.5941 INFO Server started on 127.0.0.1:3000 
2024-11-08 18:39:40.5941 INFO GameLix Server Engine initalized 
2024-11-08 18:39:40.6172 INFO Solid Object Created at 336 , 547 
2024-11-08 18:39:40.6172 INFO Solid Object Created at 194 , 355 
2024-11-08 18:39:40.6172 INFO Solid Object Created at 883 , 157 
2024-11-08 18:39:40.6172 INFO Solid Object Created at 390 , 126 
2024-11-08 18:39:40.6172 INFO Solid Object Created at 582 , 474 
2024-11-08 18:39:40.6172 INFO Solid Object Created at 437 , 832 
2024-11-08 18:39:40.6172 INFO Solid Object Created at 183 , 628 
2024-11-08 18:39:40.6172 INFO Solid Object Created at 271 , 792 
2024-11-08 18:39:40.6172 INFO Solid Object Created at 840 , 864 
2024-11-08 18:39:40.6172 INFO Solid Object Created at 693 , 448 
2024-11-08 18:39:40.6172 INFO Solid Object Created at 103 , 760 
2024-11-08 18:39:40.6172 INFO Solid Object Created at 140 , 991 
2024-11-08 18:39:40.6172 INFO Solid Object Created at 411 , 670 
2024-11-08 18:39:40.6172 INFO Solid Object Created at 305 , 628 
2024-11-08 18:39:40.6172 INFO Solid Object Created at 504 , 287 
2024-11-08 18:39:43.8076 INFO [+] 127.0.0.1:59501: C01PacketPlayerConnected:Ping! 
2024-11-08 18:39:43.8076 INFO client connected 
2024-11-08 18:39:43.8192 INFO Current players: 1 
2024-11-08 18:39:43.8192 INFO [+] 127.0.0.1:59501: C04PacketInstanceGet: 
2024-11-08 18:41:15.1618 INFO Port: 3000 
2024-11-08 18:41:15.1915 INFO Server started on 127.0.0.1:3000 
2024-11-08 18:41:15.1915 INFO GameLix Server Engine initalized 
2024-11-08 18:41:15.2140 INFO Solid Object Created at 992 , 328 
2024-11-08 18:41:15.2140 INFO Solid Object Created at 207 , 738 
2024-11-08 18:41:15.2140 INFO Solid Object Created at 556 , 68 
2024-11-08 18:41:15.2140 INFO Solid Object Created at 137 , 202 
2024-11-08 18:41:15.2140 INFO Solid Object Created at 109 , 354 
2024-11-08 18:41:15.2140 INFO Solid Object Created at 158 , 166 
2024-11-08 18:41:15.2140 INFO Solid Object Created at 822 , 953 
2024-11-08 18:41:15.2140 INFO Solid Object Created at 706 , 347 
2024-11-08 18:41:15.2140 INFO Solid Object Created at 722 , 705 
2024-11-08 18:41:15.2140 INFO Solid Object Created at 623 , 662 
2024-11-08 18:41:15.2140 INFO Solid Object Created at 494 , 1005 
2024-11-08 18:41:15.2140 INFO Solid Object Created at 265 , 528 
2024-11-08 18:41:15.2140 INFO Solid Object Created at 988 , 251 
2024-11-08 18:41:15.2140 INFO Solid Object Created at 397 , 527 
2024-11-08 18:41:15.2140 INFO Solid Object Created at 74 , 114 
2024-11-08 18:41:22.3930 INFO [+] 127.0.0.1:57968: C01PacketPlayerConnected:Ping! 
2024-11-08 18:41:22.4010 INFO client connected 
2024-11-08 18:41:22.4010 INFO Current players: 1 
2024-11-08 18:41:22.4010 INFO [+] 127.0.0.1:57968: C04PacketInstanceGet: 
2024-11-08 18:42:24.9400 INFO [+] 127.0.0.1:59287: C01PacketPlayerConnected:Ping! 
2024-11-08 18:42:24.9400 WARN same client tried to connect to server 
2024-11-08 18:42:24.9400 INFO client connected 
2024-11-08 18:42:24.9400 INFO Current players: 2 
2024-11-08 18:42:25.0133 ERROR Error in DataReceived: An existing connection was forcibly closed by the remote host. 
2024-11-08 18:42:42.2001 INFO Port: 3000 
2024-11-08 18:42:42.2280 INFO Server started on 127.0.0.1:3000 
2024-11-08 18:42:42.2280 INFO GameLix Server Engine initalized 
2024-11-08 18:42:42.2490 INFO Solid Object Created at 579 , 124 
2024-11-08 18:42:42.2490 INFO Solid Object Created at 712 , 769 
2024-11-08 18:42:42.2490 INFO Solid Object Created at 549 , 186 
2024-11-08 18:42:42.2490 INFO Solid Object Created at 549 , 640 
2024-11-08 18:42:42.2490 INFO Solid Object Created at 64 , 206 
2024-11-08 18:42:42.2490 INFO Solid Object Created at 887 , 836 
2024-11-08 18:42:42.2490 INFO Solid Object Created at 904 , 676 
2024-11-08 18:42:42.2490 INFO Solid Object Created at 422 , 906 
2024-11-08 18:42:42.2490 INFO Solid Object Created at 382 , 747 
2024-11-08 18:42:42.2490 INFO Solid Object Created at 878 , 4 
2024-11-08 18:42:42.2490 INFO Solid Object Created at 760 , 75 
2024-11-08 18:42:42.2490 INFO Solid Object Created at 1019 , 341 
2024-11-08 18:42:42.2490 INFO Solid Object Created at 608 , 431 
2024-11-08 18:42:42.2490 INFO Solid Object Created at 1001 , 442 
2024-11-08 18:42:42.2490 INFO Solid Object Created at 627 , 410 
2024-11-08 18:42:47.7970 INFO [+] 127.0.0.1:63673: C01PacketPlayerConnected:Ping! 
2024-11-08 18:42:47.8060 INFO client connected 
2024-11-08 18:42:47.8060 INFO Current players: 1 
2024-11-08 18:42:47.8304 INFO [+] 127.0.0.1:63673: C04PacketInstanceGet: 
